  .   ____          _            __ _ _
 /\\ / ___'_ __ _ _(_)_ __  __ _ \ \ \ \
( ( )\___ | '_ | '_| | '_ \/ _` | \ \ \ \
 \\/  ___)| |_)| | | | | || (_| |  ) ) ) )
  '  |____| .__|_| |_|_| |_\__, | / / / /
 =========|_|==============|___/=/_/_/_/

 :: Spring Boot ::                (v3.3.0)

2026-06-15T14:00:25.228+05:30  INFO 1668 --- [           main] com.handyserve.BookingApplication        : Starting BookingApplication v1.0.0 using Java 17.0.12 with PID 1668 (R:\PROJECT\FSJ\handyservy_pro\handyservy_pro\handyservy_pro\handyservy_pro\backend-java\booking-service\target\booking-service-1.0.0.jar started by akaash in R:\PROJECT\FSJ\handyservy_pro\handyservy_pro\handyservy_pro\handyservy_pro\backend-java)
2026-06-15T14:00:25.242+05:30  INFO 1668 --- [           main] com.handyserve.BookingApplication        : No active profile set, falling back to 1 default profile: "default"
2026-06-15T14:00:29.280+05:30  INFO 1668 --- [           main] .s.d.r.c.RepositoryConfigurationDelegate : Bootstrapping Spring Data JPA repositories in DEFAULT mode.
2026-06-15T14:00:29.677+05:30  INFO 1668 --- [           main] .s.d.r.c.RepositoryConfigurationDelegate : Finished Spring Data repository scanning in 367 ms. Found 4 JPA repository interfaces.
2026-06-15T14:00:30.173+05:30  INFO 1668 --- [           main] o.s.cloud.context.scope.GenericScope     : BeanFactory id=5cbd99af-e85e-3a47-ba8f-a08294cff95b
2026-06-15T14:00:31.883+05:30  INFO 1668 --- [           main] o.s.b.w.embedded.tomcat.TomcatWebServer  : Tomcat initialized with port 8083 (http)
2026-06-15T14:00:31.973+05:30  INFO 1668 --- [           main] o.apache.catalina.core.StandardService   : Starting service [Tomcat]
2026-06-15T14:00:31.977+05:30  INFO 1668 --- [           main] o.apache.catalina.core.StandardEngine    : Starting Servlet engine: [Apache Tomcat/10.1.24]
2026-06-15T14:00:32.277+05:30  INFO 1668 --- [           main] o.a.c.c.C.[Tomcat].[localhost].[/]       : Initializing Spring embedded WebApplicationContext
2026-06-15T14:00:32.282+05:30  INFO 1668 --- [           main] w.s.c.ServletWebServerApplicationContext : Root WebApplicationContext: initialization completed in 6833 ms
2026-06-15T14:00:33.688+05:30  INFO 1668 --- [           main] o.hibernate.jpa.internal.util.LogHelper  : HHH000204: Processing PersistenceUnitInfo [name: default]
2026-06-15T14:00:34.035+05:30  INFO 1668 --- [           main] org.hibernate.Version                    : HHH000412: Hibernate ORM core version 6.5.2.Final
2026-06-15T14:00:34.255+05:30  INFO 1668 --- [           main] o.h.c.internal.RegionFactoryInitiator    : HHH000026: Second-level cache disabled
2026-06-15T14:00:34.991+05:30  INFO 1668 --- [           main] o.s.o.j.p.SpringPersistenceUnitInfo      : No LoadTimeWeaver setup: ignoring JPA class transformer
2026-06-15T14:00:35.047+05:30  INFO 1668 --- [           main] com.zaxxer.hikari.HikariDataSource       : HikariPool-1 - Starting...
2026-06-15T14:00:35.587+05:30  INFO 1668 --- [           main] com.zaxxer.hikari.pool.HikariPool        : HikariPool-1 - Added connection oracle.jdbc.driver.T4CConnection@6ab826bb
2026-06-15T14:00:35.591+05:30  INFO 1668 --- [           main] com.zaxxer.hikari.HikariDataSource       : HikariPool-1 - Start completed.
2026-06-15T14:00:38.276+05:30  INFO 1668 --- [           main] o.h.e.t.j.p.i.JtaPlatformInitiator       : HHH000489: No JTA platform available (set 'hibernate.transaction.jta.platform' to enable JTA platform integration)
2026-06-15T14:00:38.616+05:30  INFO 1668 --- [           main] j.LocalContainerEntityManagerFactoryBean : Initialized JPA EntityManagerFactory for persistence unit 'default'
2026-06-15T14:00:40.812+05:30  INFO 1668 --- [           main] o.s.d.j.r.query.QueryEnhancerFactory     : Hibernate is in classpath; If applicable, HQL parser will be used.
2026-06-15T14:00:43.464+05:30  WARN 1668 --- [           main] JpaBaseConfiguration$JpaWebConfiguration : spring.jpa.open-in-view is enabled by default. Therefore, database queries may be performed during view rendering. Explicitly configure spring.jpa.open-in-view to disable this warning
